<?xml version="1.0" encoding="UTF-8"?>
<testsuite xmlns:xsi="http://www.w3.org/2001/XMLSchema-instance" xsi:noNamespaceSchemaLocation="https://maven.apache.org/surefire/maven-surefire-plugin/xsd/surefire-test-report-3.0.xsd" version="3.0" name="dev.jam.accountservice.AccountServiceApplicationTests" time="68.029" tests="1" errors="0" skipped="0" failures="0">
  <properties>
[...]
</properties>
  <testcase name="contextLoads" classname="dev.jam.accountservice.AccountServiceApplicationTests" time="1.352">
    <system-out><![CDATA[23:54:12.232 [main] INFO org.springframework.test.context.support.AnnotationConfigContextLoaderUtils -- Could not detect default configuration classes for test class [dev.jam.accountservice.AccountServiceApplicationTests]: AccountServiceApplicationTests does not declare any static, non-private, non-final, nested classes annotated with @Configuration.
23:54:12.563 [main] INFO org.springframework.boot.test.context.SpringBootTestContextBootstrapper -- Found @SpringBootConfiguration dev.jam.accountservice.AccountServiceApplication for test class dev.jam.accountservice.AccountServiceApplicationTests
23:54:13.485 [main] INFO org.springframework.boot.devtools.restart.RestartApplicationListener -- Restart disabled due to context in which it is running

  .   ____          _            __ _ _
 /\\ / ___'_ __ _ _(_)_ __  __ _ \ \ \ \
( ( )\___ | '_ | '_| | '_ \/ _` | \ \ \ \
 \\/  ___)| |_)| | | | | || (_| |  ) ) ) )
  '  |____| .__|_| |_|_| |_\__, | / / / /
 =========|_|==============|___/=/_/_/_/
 :: Spring Boot ::                (v3.2.3)

2024-02-28T23:54:14.469+01:00  INFO 4244 --- [account-service] [           main] d.j.a.AccountServiceApplicationTests     : Starting AccountServiceApplicationTests using Java 17.0.8 with PID 4244 (started by 21263 in C:\Users\21263\OneDrive\Bureau\accountservice\AccountService)
2024-02-28T23:54:14.475+01:00  INFO 4244 --- [account-service] [           main] d.j.a.AccountServiceApplicationTests     : No active profile set, falling back to 1 default profile: "default"
2024-02-28T23:54:19.128+01:00  INFO 4244 --- [account-service] [           main] .s.d.r.c.RepositoryConfigurationDelegate : Bootstrapping Spring Data JPA repositories in DEFAULT mode.
2024-02-28T23:54:20.304+01:00  INFO 4244 --- [account-service] [           main] .s.d.r.c.RepositoryConfigurationDelegate : Finished Spring Data repository scanning in 1148 ms. Found 6 JPA repository interfaces.
2024-02-28T23:54:25.623+01:00  INFO 4244 --- [account-service] [           main] o.s.cloud.context.scope.GenericScope     : BeanFactory id=f4be04d6-3142-321d-8773-044b093ed041
2024-02-28T23:54:27.163+01:00  WARN 4244 --- [account-service] [           main] trationDelegate$BeanPostProcessorChecker : Bean 'org.springframework.cloud.client.loadbalancer.LoadBalancerAutoConfiguration$LoadBalancerInterceptorConfig' of type [org.springframework.cloud.client.loadbalancer.LoadBalancerAutoConfiguration$LoadBalancerInterceptorConfig] is not eligible for getting processed by all BeanPostProcessors (for example: not eligible for auto-proxying). The currently created BeanPostProcessor [lbRestClientPostProcessor] is declared through a non-static factory method on that class; consider declaring it as static instead.
2024-02-28T23:54:27.174+01:00  WARN 4244 --- [account-service] [           main] trationDelegate$BeanPostProcessorChecker : Bean 'org.springframework.cloud.loadbalancer.config.BlockingLoadBalancerClientAutoConfiguration' of type [org.springframework.cloud.loadbalancer.config.BlockingLoadBalancerClientAutoConfiguration] is not eligible for getting processed by all BeanPostProcessors (for example: not eligible for auto-proxying). Is this bean getting eagerly injected into a currently created BeanPostProcessor [lbRestClientPostProcessor]? Check the corresponding BeanPostProcessor declaration and its dependencies.
2024-02-28T23:54:27.191+01:00  WARN 4244 --- [account-service] [           main] trationDelegate$BeanPostProcessorChecker : Bean 'org.springframework.cloud.loadbalancer.config.LoadBalancerAutoConfiguration' of type [org.springframework.cloud.loadbalancer.config.LoadBalancerAutoConfiguration] is not eligible for getting processed by all BeanPostProcessors (for example: not eligible for auto-proxying). Is this bean getting eagerly injected into a currently created BeanPostProcessor [lbRestClientPostProcessor]? Check the corresponding BeanPostProcessor declaration and its dependencies.
2024-02-28T23:54:27.232+01:00  WARN 4244 --- [account-service] [           main] trationDelegate$BeanPostProcessorChecker : Bean 'org.springframework.cloud.commons.config.CommonsConfigAutoConfiguration' of type [org.springframework.cloud.commons.config.CommonsConfigAutoConfiguration] is not eligible for getting processed by all BeanPostProcessors (for example: not eligible for auto-proxying). Is this bean getting eagerly injected into a currently created BeanPostProcessor [lbRestClientPostProcessor]? Check the corresponding BeanPostProcessor declaration and its dependencies.
2024-02-28T23:54:27.276+01:00  WARN 4244 --- [account-service] [           main] trationDelegate$BeanPostProcessorChecker : Bean 'org.springframework.cloud.client.loadbalancer.LoadBalancerDefaultMappingsProviderAutoConfiguration' of type [org.springframework.cloud.client.loadbalancer.LoadBalancerDefaultMappingsProviderAutoConfiguration] is not eligible for getting processed by all BeanPostProcessors (for example: not eligible for auto-proxying). Is this bean getting eagerly injected into a currently created BeanPostProcessor [lbRestClientPostProcessor]? Check the corresponding BeanPostProcessor declaration and its dependencies.
2024-02-28T23:54:27.286+01:00  WARN 4244 --- [account-service] [           main] trationDelegate$BeanPostProcessorChecker : Bean 'loadBalancerClientsDefaultsMappingsProvider' of type [org.springframework.cloud.client.loadbalancer.LoadBalancerDefaultMappingsProviderAutoConfiguration$$Lambda$973/0x00000220104417c8] is not eligible for getting processed by all BeanPostProcessors (for example: not eligible for auto-proxying). Is this bean getting eagerly injected into a currently created BeanPostProcessor [lbRestClientPostProcessor]? Check the corresponding BeanPostProcessor declaration and its dependencies.
2024-02-28T23:54:27.296+01:00  WARN 4244 --- [account-service] [           main] trationDelegate$BeanPostProcessorChecker : Bean 'defaultsBindHandlerAdvisor' of type [org.springframework.cloud.commons.config.DefaultsBindHandlerAdvisor] is not eligible for getting processed by all BeanPostProcessors (for example: not eligible for auto-proxying). Is this bean getting eagerly injected into a currently created BeanPostProcessor [lbRestClientPostProcessor]? Check the corresponding BeanPostProcessor declaration and its dependencies.
2024-02-28T23:54:27.335+01:00  WARN 4244 --- [account-service] [           main] trationDelegate$BeanPostProcessorChecker : Bean 'spring.cloud.loadbalancer-org.springframework.cloud.client.loadbalancer.LoadBalancerClientsProperties' of type [org.springframework.cloud.client.loadbalancer.LoadBalancerClientsProperties] is not eligible for getting processed by all BeanPostProcessors (for example: not eligible for auto-proxying). Is this bean getting eagerly injected into a currently created BeanPostProcessor [lbRestClientPostProcessor]? Check the corresponding BeanPostProcessor declaration and its dependencies.
2024-02-28T23:54:27.368+01:00  WARN 4244 --- [account-service] [           main] trationDelegate$BeanPostProcessorChecker : Bean 'default.org.springframework.cloud.loadbalancer.config.LoadBalancerAutoConfiguration.LoadBalancerClientSpecification' of type [org.springframework.cloud.loadbalancer.annotation.LoadBalancerClientSpecification] is not eligible for getting processed by all BeanPostProcessors (for example: not eligible for auto-proxying). Is this bean getting eagerly injected into a currently created BeanPostProcessor [lbRestClientPostProcessor]? Check the corresponding BeanPostProcessor declaration and its dependencies.
2024-02-28T23:54:27.375+01:00  WARN 4244 --- [account-service] [           main] trationDelegate$BeanPostProcessorChecker : Bean 'default.org.springframework.cloud.loadbalancer.config.BlockingLoadBalancerClientAutoConfiguration.LoadBalancerClientSpecification' of type [org.springframework.cloud.loadbalancer.annotation.LoadBalancerClientSpecification] is not eligible for getting processed by all BeanPostProcessors (for example: not eligible for auto-proxying). Is this bean getting eagerly injected into a currently created BeanPostProcessor [lbRestClientPostProcessor]? Check the corresponding BeanPostProcessor declaration and its dependencies.
2024-02-28T23:54:27.381+01:00  WARN 4244 --- [account-service] [           main] trationDelegate$BeanPostProcessorChecker : Bean 'default.org.springframework.cloud.netflix.eureka.loadbalancer.LoadBalancerEurekaAutoConfiguration.LoadBalancerClientSpecification' of type [org.springframework.cloud.loadbalancer.annotation.LoadBalancerClientSpecification] is not eligible for getting processed by all BeanPostProcessors (for example: not eligible for auto-proxying). Is this bean getting eagerly injected into a currently created BeanPostProcessor [lbRestClientPostProcessor]? Check the corresponding BeanPostProcessor declaration and its dependencies.
2024-02-28T23:54:27.390+01:00  WARN 4244 --- [account-service] [           main] trationDelegate$BeanPostProcessorChecker : Bean 'loadBalancerClientFactory' of type [org.springframework.cloud.loadbalancer.support.LoadBalancerClientFactory] is not eligible for getting processed by all BeanPostProcessors (for example: not eligible for auto-proxying). Is this bean getting eagerly injected into a currently created BeanPostProcessor [lbRestClientPostProcessor]? Check the corresponding BeanPostProcessor declaration and its dependencies.
2024-02-28T23:54:27.417+01:00  WARN 4244 --- [account-service] [           main] trationDelegate$BeanPostProcessorChecker : Bean 'blockingLoadBalancerClient' of type [org.springframework.cloud.loadbalancer.blocking.client.BlockingLoadBalancerClient] is not eligible for getting processed by all BeanPostProcessors (for example: not eligible for auto-proxying). Is this bean getting eagerly injected into a currently created BeanPostProcessor [lbRestClientPostProcessor]? Check the corresponding BeanPostProcessor declaration and its dependencies.
2024-02-28T23:54:27.446+01:00  WARN 4244 --- [account-service] [           main] trationDelegate$BeanPostProcessorChecker : Bean 'loadBalancerServiceInstanceCookieTransformer' of type [org.springframework.cloud.loadbalancer.core.LoadBalancerServiceInstanceCookieTransformer] is not eligible for getting processed by all BeanPostProcessors (for example: not eligible for auto-proxying). Is this bean getting eagerly injected into a currently created BeanPostProcessor [lbRestClientPostProcessor]? Check the corresponding BeanPostProcessor declaration and its dependencies.
2024-02-28T23:54:27.452+01:00  WARN 4244 --- [account-service] [           main] trationDelegate$BeanPostProcessorChecker : Bean 'xForwarderHeadersTransformer' of type [org.springframework.cloud.loadbalancer.blocking.XForwardedHeadersTransformer] is not eligible for getting processed by all BeanPostProcessors (for example: not eligible for auto-proxying). Is this bean getting eagerly injected into a currently created BeanPostProcessor [lbRestClientPostProcessor]? Check the corresponding BeanPostProcessor declaration and its dependencies.
2024-02-28T23:54:27.460+01:00  WARN 4244 --- [account-service] [           main] trationDelegate$BeanPostProcessorChecker : Bean 'org.springframework.cloud.client.loadbalancer.LoadBalancerAutoConfiguration' of type [org.springframework.cloud.client.loadbalancer.LoadBalancerAutoConfiguration] is not eligible for getting processed by all BeanPostProcessors (for example: not eligible for auto-proxying). Is this bean getting eagerly injected into a currently created BeanPostProcessor [lbRestClientPostProcessor]? Check the corresponding BeanPostProcessor declaration and its dependencies.
2024-02-28T23:54:27.483+01:00  WARN 4244 --- [account-service] [           main] trationDelegate$BeanPostProcessorChecker : Bean 'loadBalancerRequestFactory' of type [org.springframework.cloud.client.loadbalancer.LoadBalancerRequestFactory] is not eligible for getting processed by all BeanPostProcessors (for example: not eligible for auto-proxying). Is this bean getting eagerly injected into a currently created BeanPostProcessor [lbRestClientPostProcessor]? Check the corresponding BeanPostProcessor declaration and its dependencies.
2024-02-28T23:54:27.488+01:00  WARN 4244 --- [account-service] [           main] trationDelegate$BeanPostProcessorChecker : Bean 'loadBalancerInterceptor' of type [org.springframework.cloud.client.loadbalancer.LoadBalancerInterceptor] is not eligible for getting processed by all BeanPostProcessors (for example: not eligible for auto-proxying). Is this bean getting eagerly injected into a currently created BeanPostProcessor [lbRestClientPostProcessor]? Check the corresponding BeanPostProcessor declaration and its dependencies.
2024-02-28T23:54:29.151+01:00  INFO 4244 --- [account-service] [           main] o.hibernate.jpa.internal.util.LogHelper  : HHH000204: Processing PersistenceUnitInfo [name: default]
2024-02-28T23:54:30.199+01:00  INFO 4244 --- [account-service] [           main] org.hibernate.Version                    : HHH000412: Hibernate ORM core version 6.4.4.Final
2024-02-28T23:54:30.671+01:00  INFO 4244 --- [account-service] [           main] o.h.c.internal.RegionFactoryInitiator    : HHH000026: Second-level cache disabled
2024-02-28T23:54:36.406+01:00  INFO 4244 --- [account-service] [           main] o.s.o.j.p.SpringPersistenceUnitInfo      : No LoadTimeWeaver setup: ignoring JPA class transformer
2024-02-28T23:54:36.746+01:00  INFO 4244 --- [account-service] [           main] com.zaxxer.hikari.HikariDataSource       : HikariPool-1 - Starting...
2024-02-28T23:54:46.712+01:00  INFO 4244 --- [account-service] [           main] com.zaxxer.hikari.pool.HikariPool        : HikariPool-1 - Added connection org.postgresql.jdbc.PgConnection@71668a67
2024-02-28T23:54:46.726+01:00  INFO 4244 --- [account-service] [           main] com.zaxxer.hikari.HikariDataSource       : HikariPool-1 - Start completed.
2024-02-28T23:54:49.102+01:00  WARN 4244 --- [account-service] [           main] org.hibernate.orm.deprecation            : HHH90000025: PostgreSQLDialect does not need to be specified explicitly using 'hibernate.dialect' (remove the property setting and it will be selected by default)
2024-02-28T23:54:55.203+01:00  INFO 4244 --- [account-service] [           main] o.h.e.t.j.p.i.JtaPlatformInitiator       : HHH000489: No JTA platform available (set 'hibernate.transaction.jta.platform' to enable JTA platform integration)
Hibernate: 
    alter table if exists company 
       drop constraint if exists FK1rxmcn3ejbd4ubbsq72j2cuno
Hibernate: 
    alter table if exists company 
       drop constraint if exists FK48mip436f7y9ai2s3eknhksgg
Hibernate: 
    alter table if exists event 
       drop constraint if exists FKh0tm3dgooqqxj91lvw31dgpc2
Hibernate: 
    alter table if exists event_category 
       drop constraint if exists FKpwl2b1ylc09urqr0c4n18io
Hibernate: 
    alter table if exists event_category 
       drop constraint if exists FK24ud2uucu4h8ga1ois1mnalo8
Hibernate: 
    alter table if exists review 
       drop constraint if exists FKqhtk2kbsx9ga87m7xr21b3ggr
Hibernate: 
    alter table if exists review 
       drop constraint if exists FKjoxnyifll0956fekd244bn3dy
Hibernate: 
    drop table if exists category cascade
Hibernate: 
    drop table if exists company cascade
Hibernate: 
    drop table if exists event cascade
Hibernate: 
    drop table if exists event_category cascade
Hibernate: 
    drop table if exists industry cascade
Hibernate: 
    drop table if exists review cascade
Hibernate: 
    drop table if exists user_account cascade
Hibernate: 
    create table category (
        id bigserial not null,
        name varchar(255),
        primary key (id)
    )
Hibernate: 
    create table company (
        id bigserial not null,
        industry_id bigint,
        user_account_id bigint unique,
        address varchar(255),
        description varchar(255),
        email varchar(255),
        name varchar(255),
        tel varchar(255),
        primary key (id)
    )
Hibernate: 
    create table event (
        company_id bigint,
        created_at timestamp(6),
        end_date timestamp(6),
        id bigserial not null,
        start_date timestamp(6),
        description varchar(255),
        title varchar(255),
        primary key (id)
    )
Hibernate: 
    create table event_category (
        category_id bigint not null,
        event_id bigint not null
    )
Hibernate: 
    create table industry (
        id bigserial not null,
        label varchar(255),
        primary key (id)
    )
Hibernate: 
    create table review (
        rating integer not null,
        event_id bigint,
        id bigserial not null,
        user_account_id bigint,
        comment varchar(255),
        primary key (id)
    )
Hibernate: 
    create table user_account (
        active boolean not null,
        id bigserial not null,
        email varchar(255),
        name varchar(255),
        password varchar(255),
        role varchar(255) check (role in ('ROLE_ADMIN','ROLE_USER','ROLE_COMPANY_OWNER')),
        primary key (id)
    )
Hibernate: 
    alter table if exists company 
       add constraint FK1rxmcn3ejbd4ubbsq72j2cuno 
       foreign key (industry_id) 
       references industry
Hibernate: 
    alter table if exists company 
       add constraint FK48mip436f7y9ai2s3eknhksgg 
       foreign key (user_account_id) 
       references user_account
Hibernate: 
    alter table if exists event 
       add constraint FKh0tm3dgooqqxj91lvw31dgpc2 
       foreign key (company_id) 
       references company
Hibernate: 
    alter table if exists event_category 
       add constraint FKpwl2b1ylc09urqr0c4n18io 
       foreign key (category_id) 
       references category
Hibernate: 
    alter table if exists event_category 
       add constraint FK24ud2uucu4h8ga1ois1mnalo8 
       foreign key (event_id) 
       references event
Hibernate: 
    alter table if exists review 
       add constraint FKqhtk2kbsx9ga87m7xr21b3ggr 
       foreign key (event_id) 
       references event
Hibernate: 
    alter table if exists review 
       add constraint FKjoxnyifll0956fekd244bn3dy 
       foreign key (user_account_id) 
       references user_account
2024-02-28T23:55:00.634+01:00  INFO 4244 --- [account-service] [           main] j.LocalContainerEntityManagerFactoryBean : Initialized JPA EntityManagerFactory for persistence unit 'default'
2024-02-28T23:55:02.459+01:00  WARN 4244 --- [account-service] [           main] JpaBaseConfiguration$JpaWebConfiguration : spring.jpa.open-in-view is enabled by default. Therefore, database queries may be performed during view rendering. Explicitly configure spring.jpa.open-in-view to disable this warning
2024-02-28T23:55:03.481+01:00  INFO 4244 --- [account-service] [           main] o.s.s.web.DefaultSecurityFilterChain     : Will secure any request with [org.springframework.security.web.session.DisableEncodeUrlFilter@476a38d9, org.springframework.security.web.context.request.async.WebAsyncManagerIntegrationFilter@79a12552, org.springframework.security.web.context.SecurityContextHolderFilter@22025464, org.springframework.security.web.header.HeaderWriterFilter@5350a926, org.springframework.web.filter.CorsFilter@5120886f, org.springframework.security.web.authentication.logout.LogoutFilter@6c1d25fa, dev.jam.accountservice.security.JwtAuthenticationFilter@6f8035d6, org.springframework.security.web.savedrequest.RequestCacheAwareFilter@3a034950, org.springframework.security.web.servletapi.SecurityContextHolderAwareRequestFilter@331eb953, org.springframework.security.web.authentication.AnonymousAuthenticationFilter@4e6c703a, org.springframework.security.web.session.SessionManagementFilter@12e8ea81, org.springframework.security.web.access.ExceptionTranslationFilter@6e43c01f, org.springframework.security.web.access.intercept.FilterSecurityInterceptor@6153aca1]
2024-02-28T23:55:05.240+01:00  INFO 4244 --- [account-service] [           main] DiscoveryClientOptionalArgsConfiguration : Eureka HTTP Client uses RestTemplate.
2024-02-28T23:55:05.516+01:00  WARN 4244 --- [account-service] [           main] iguration$LoadBalancerCaffeineWarnLogger : Spring Cloud LoadBalancer is currently working with the default cache. While this cache implementation is useful for development and tests, it's recommended to use Caffeine cache in production.You can switch to using Caffeine cache, by adding it and org.springframework.cache.caffeine.CaffeineCacheManager to the classpath.
2024-02-28T23:55:05.738+01:00  INFO 4244 --- [account-service] [           main] o.s.c.n.eureka.InstanceInfoFactory       : Setting initial instance status as: STARTING
2024-02-28T23:55:06.121+01:00  INFO 4244 --- [account-service] [           main] com.netflix.discovery.DiscoveryClient    : Initializing Eureka in region us-east-1
2024-02-28T23:55:06.137+01:00  INFO 4244 --- [account-service] [           main] c.n.d.s.r.aws.ConfigClusterResolver      : Resolving eureka endpoints via configuration
2024-02-28T23:55:06.219+01:00  INFO 4244 --- [account-service] [           main] com.netflix.discovery.DiscoveryClient    : Disable delta property : false
2024-02-28T23:55:06.220+01:00  INFO 4244 --- [account-service] [           main] com.netflix.discovery.DiscoveryClient    : Single vip registry refresh property : null
2024-02-28T23:55:06.220+01:00  INFO 4244 --- [account-service] [           main] com.netflix.discovery.DiscoveryClient    : Force full registry fetch : false
2024-02-28T23:55:06.220+01:00  INFO 4244 --- [account-service] [           main] com.netflix.discovery.DiscoveryClient    : Application is null : false
2024-02-28T23:55:06.220+01:00  INFO 4244 --- [account-service] [           main] com.netflix.discovery.DiscoveryClient    : Registered Applications size is zero : true
2024-02-28T23:55:06.221+01:00  INFO 4244 --- [account-service] [           main] com.netflix.discovery.DiscoveryClient    : Application version is -1: true
2024-02-28T23:55:06.221+01:00  INFO 4244 --- [account-service] [           main] com.netflix.discovery.DiscoveryClient    : Getting all instance registry info from the eureka server
2024-02-28T23:55:12.589+01:00  INFO 4244 --- [account-service] [           main] com.netflix.discovery.DiscoveryClient    : The response status is 200
2024-02-28T23:55:12.594+01:00  INFO 4244 --- [account-service] [           main] com.netflix.discovery.DiscoveryClient    : Starting heartbeat executor: renew interval is: 30
2024-02-28T23:55:12.602+01:00  INFO 4244 --- [account-service] [           main] c.n.discovery.InstanceInfoReplicator     : InstanceInfoReplicator onDemand update allowed rate per min is 4
2024-02-28T23:55:12.614+01:00  INFO 4244 --- [account-service] [           main] com.netflix.discovery.DiscoveryClient    : Discovery Client initialized at timestamp 1709160912609 with initial instances count: 4
2024-02-28T23:55:12.631+01:00  INFO 4244 --- [account-service] [           main] o.s.c.n.e.s.EurekaServiceRegistry        : Registering application ACCOUNT-SERVICE with eureka with status UP
2024-02-28T23:55:12.634+01:00  INFO 4244 --- [account-service] [           main] com.netflix.discovery.DiscoveryClient    : Saw local status change event StatusChangeEvent [timestamp=1709160912634, current=UP, previous=STARTING]
2024-02-28T23:55:12.642+01:00  INFO 4244 --- [account-service] [nfoReplicator-0] com.netflix.discovery.DiscoveryClient    : DiscoveryClient_ACCOUNT-SERVICE/DESKTOP-PBIF089:account-service:8087: registering service...
2024-02-28T23:55:12.704+01:00  INFO 4244 --- [account-service] [           main] d.j.a.AccountServiceApplicationTests     : Started AccountServiceApplicationTests in 59.238 seconds (process running for 62.492)
Hibernate: 
    insert 
    into
        category
        (name) 
    values
        (?)
2024-02-28T23:55:13.143+01:00  INFO 4244 --- [account-service] [nfoReplicator-0] com.netflix.discovery.DiscoveryClient    : DiscoveryClient_ACCOUNT-SERVICE/DESKTOP-PBIF089:account-service:8087 - registration status: 204
Hibernate: 
    insert 
    into
        category
        (name) 
    values
        (?)
Hibernate: 
    insert 
    into
        category
        (name) 
    values
        (?)
Hibernate: 
    insert 
    into
        category
        (name) 
    values
        (?)
Hibernate: 
    insert 
    into
        category
        (name) 
    values
        (?)
Hibernate: 
    insert 
    into
        category
        (name) 
    values
        (?)
Hibernate: 
    insert 
    into
        category
        (name) 
    values
        (?)
Hibernate: 
    insert 
    into
        industry
        (label) 
    values
        (?)
Hibernate: 
    insert 
    into
        industry
        (label) 
    values
        (?)
Hibernate: 
    insert 
    into
        industry
        (label) 
    values
        (?)
Hibernate: 
    insert 
    into
        industry
        (label) 
    values
        (?)
Hibernate: 
    insert 
    into
        industry
        (label) 
    values
        (?)
Hibernate: 
    insert 
    into
        industry
        (label) 
    values
        (?)
Hibernate: 
    insert 
    into
        industry
        (label) 
    values
        (?)
]]></system-out>
  </testcase>
</testsuite>